

*******************************************************************************
Tue Feb 13 16:49:08 2024


FIT:    data read from "quickSort.CPUtimes" using 1:2
        format = x:z
        #datapoints = 6
        residuals are weighted equally (unit weight)

function used for fitting: y(x)
	y(x)=a*x*x + b*x + c
fitted parameters initialized with current variable values

iter      chisq       delta/lim  lambda   a             b             c            
   0 1.2895234323e+24   0.00e+00  2.68e+11    1.000000e+00   1.000000e+00   1.000000e+00
   4 1.1930286785e+11  -3.62e-01  2.68e+07   -1.021670e-06   9.999973e-01   1.000000e+00

After 4 iterations the fit converged.
final sum of squares of residuals : 1.19303e+11
rel. change during last iteration : -3.6162e-06

degrees of freedom    (FIT_NDF)                        : 3
rms of residuals      (FIT_STDFIT) = sqrt(WSSR/ndf)    : 199418
variance of residuals (reduced chisquare) = WSSR/ndf   : 3.97676e+10

Final set of parameters            Asymptotic Standard Error
=======================            ==========================
a               = -1.02167e-06     +/- 8.446e-07    (82.67%)
b               = 0.999997         +/- 0.9379       (93.79%)
c               = 1                +/- 1.556e+05    (1.556e+07%)

correlation matrix of the fit parameters:
                a      b      c      
a               1.000 
b              -0.970  1.000 
c               0.685 -0.788  1.000 


*******************************************************************************
Tue Feb 13 16:50:28 2024


FIT:    data read from "quickSort.CPUtimes" using 1:2
        format = x:z
        #datapoints = 6
        residuals are weighted equally (unit weight)

function used for fitting: y(x)
	y(x)=a*x*log(x) + b
fitted parameters initialized with current variable values

iter      chisq       delta/lim  lambda   a             b            
   0 2.7270383919e+14   0.00e+00  4.77e+06    1.000000e+00   1.000000e+00
  10 2.1132377707e-01  -1.24e-03  4.77e-04    8.404776e-06   2.847829e-01

After 10 iterations the fit converged.
final sum of squares of residuals : 0.211324
rel. change during last iteration : -1.23752e-08

degrees of freedom    (FIT_NDF)                        : 4
rms of residuals      (FIT_STDFIT) = sqrt(WSSR/ndf)    : 0.22985
variance of residuals (reduced chisquare) = WSSR/ndf   : 0.0528309

Final set of parameters            Asymptotic Standard Error
=======================            ==========================
a               = 8.40478e-06      +/- 1.888e-08    (0.2246%)
b               = 0.284783         +/- 0.1273       (44.69%)

correlation matrix of the fit parameters:
                a      b      
a               1.000 
b              -0.675  1.000 


*******************************************************************************
Tue Feb 13 16:51:20 2024


FIT:    data read from "quickSort.CPUtimes" using 1:2
        format = x:z
        #datapoints = 6
        residuals are weighted equally (unit weight)

function used for fitting: y(x)
	y(x)=a*x + b
fitted parameters initialized with current variable values

iter      chisq       delta/lim  lambda   a             b            
   0 1.4653246906e+12   0.00e+00  3.49e+05    1.000000e+00   1.000000e+00
   9 6.9504399572e+00  -5.49e-05  3.49e-04    1.177175e-04  -1.942499e+00

After 9 iterations the fit converged.
final sum of squares of residuals : 6.95044
rel. change during last iteration : -5.49208e-10

degrees of freedom    (FIT_NDF)                        : 4
rms of residuals      (FIT_STDFIT) = sqrt(WSSR/ndf)    : 1.31818
variance of residuals (reduced chisquare) = WSSR/ndf   : 1.73761

Final set of parameters            Asymptotic Standard Error
=======================            ==========================
a               = 0.000117717      +/- 1.517e-06    (1.288%)
b               = -1.9425          +/- 0.7496       (38.59%)

correlation matrix of the fit parameters:
                a      b      
a               1.000 
b              -0.696  1.000 


*******************************************************************************
Tue Feb 13 16:54:47 2024


FIT:    data read from "quickSort.CPUtimes" using 1:2
        format = x:z
        #datapoints = 6
        residuals are weighted equally (unit weight)

function used for fitting: y(x)
	y(x)=a*x*log(x) + b
fitted parameters initialized with current variable values

iter      chisq       delta/lim  lambda   a             b            
   0 2.7270383919e+14   0.00e+00  4.77e+06    1.000000e+00   1.000000e+00
  10 2.1132377707e-01  -1.24e-03  4.77e-04    8.404776e-06   2.847829e-01

After 10 iterations the fit converged.
final sum of squares of residuals : 0.211324
rel. change during last iteration : -1.23752e-08

degrees of freedom    (FIT_NDF)                        : 4
rms of residuals      (FIT_STDFIT) = sqrt(WSSR/ndf)    : 0.22985
variance of residuals (reduced chisquare) = WSSR/ndf   : 0.0528309

Final set of parameters            Asymptotic Standard Error
=======================            ==========================
a               = 8.40478e-06      +/- 1.888e-08    (0.2246%)
b               = 0.284783         +/- 0.1273       (44.69%)

correlation matrix of the fit parameters:
                a      b      
a               1.000 
b              -0.675  1.000 


*******************************************************************************
Tue Feb 13 17:00:33 2024


FIT:    data read from "quickSort.CPUtimes" using 1:2
        format = x:z
        #datapoints = 6
        residuals are weighted equally (unit weight)

function used for fitting: y(x)
	y(x)=a*x*log(x) + b
fitted parameters initialized with current variable values

iter      chisq       delta/lim  lambda   a             b            
   0 2.7270513781e+14   0.00e+00  4.77e+06    1.000000e+00   1.000000e+00
   5 2.3878677148e+00  -1.99e-01  4.77e+01    5.952131e-06   9.999966e-01

After 5 iterations the fit converged.
final sum of squares of residuals : 2.38787
rel. change during last iteration : -1.99017e-06

degrees of freedom    (FIT_NDF)                        : 4
rms of residuals      (FIT_STDFIT) = sqrt(WSSR/ndf)    : 0.772636
variance of residuals (reduced chisquare) = WSSR/ndf   : 0.596967

Final set of parameters            Asymptotic Standard Error
=======================            ==========================
a               = 5.95213e-06      +/- 6.345e-08    (1.066%)
b               = 0.999997         +/- 0.4278       (42.78%)

correlation matrix of the fit parameters:
                a      b      
a               1.000 
b              -0.675  1.000 


*******************************************************************************
Tue Feb 13 17:00:54 2024


FIT:    data read from "quickSort.CPUtimes" using 1:2
        format = x:z
        #datapoints = 6
        residuals are weighted equally (unit weight)

function used for fitting: y(x)
	y(x)=a*x*log(x) + b
fitted parameters initialized with current variable values

iter      chisq       delta/lim  lambda   a             b            
   0 2.7270513781e+14   0.00e+00  4.77e+06    1.000000e+00   1.000000e+00
   5 2.3878677148e+00  -1.99e-01  4.77e+01    5.952131e-06   9.999966e-01

After 5 iterations the fit converged.
final sum of squares of residuals : 2.38787
rel. change during last iteration : -1.99017e-06

degrees of freedom    (FIT_NDF)                        : 4
rms of residuals      (FIT_STDFIT) = sqrt(WSSR/ndf)    : 0.772636
variance of residuals (reduced chisquare) = WSSR/ndf   : 0.596967

Final set of parameters            Asymptotic Standard Error
=======================            ==========================
a               = 5.95213e-06      +/- 6.345e-08    (1.066%)
b               = 0.999997         +/- 0.4278       (42.78%)

correlation matrix of the fit parameters:
                a      b      
a               1.000 
b              -0.675  1.000 


*******************************************************************************
Tue Feb 13 17:08:15 2024


FIT:    data read from "quickSort.CPUtimes" using 1:2
        format = x:z
        #datapoints = 6
        residuals are weighted equally (unit weight)

function used for fitting: y(x)
	y(x)=a*x*log(x) + b
fitted parameters initialized with current variable values

iter      chisq       delta/lim  lambda   a             b            
   0 2.7270467882e+14   0.00e+00  4.77e+06    1.000000e+00   1.000000e+00
   4 2.0943665327e+01  -3.83e-01  4.77e+02    6.793674e-06   9.999997e-01

After 4 iterations the fit converged.
final sum of squares of residuals : 20.9437
rel. change during last iteration : -3.82718e-06

degrees of freedom    (FIT_NDF)                        : 4
rms of residuals      (FIT_STDFIT) = sqrt(WSSR/ndf)    : 2.28821
variance of residuals (reduced chisquare) = WSSR/ndf   : 5.23592

Final set of parameters            Asymptotic Standard Error
=======================            ==========================
a               = 6.79367e-06      +/- 1.879e-07    (2.766%)
b               = 1                +/- 1.267        (126.7%)

correlation matrix of the fit parameters:
                a      b      
a               1.000 
b              -0.675  1.000 


*******************************************************************************
Tue Feb 13 17:09:41 2024


FIT:    data read from "quickSort.CPUtimes" using 1:2
        format = x:z
        #datapoints = 6
        residuals are weighted equally (unit weight)

function used for fitting: y(x)
	y(x)=a*x*log(x) + b
fitted parameters initialized with current variable values

iter      chisq       delta/lim  lambda   a             b            
   0 2.7270467882e+14   0.00e+00  4.77e+06    1.000000e+00   1.000000e+00
   4 2.0943665327e+01  -3.83e-01  4.77e+02    6.793674e-06   9.999997e-01

After 4 iterations the fit converged.
final sum of squares of residuals : 20.9437
rel. change during last iteration : -3.82718e-06

degrees of freedom    (FIT_NDF)                        : 4
rms of residuals      (FIT_STDFIT) = sqrt(WSSR/ndf)    : 2.28821
variance of residuals (reduced chisquare) = WSSR/ndf   : 5.23592

Final set of parameters            Asymptotic Standard Error
=======================            ==========================
a               = 6.79367e-06      +/- 1.879e-07    (2.766%)
b               = 1                +/- 1.267        (126.7%)

correlation matrix of the fit parameters:
                a      b      
a               1.000 
b              -0.675  1.000 


*******************************************************************************
Thu Feb 15 09:54:18 2024


FIT:    data read from "quickSort.CPUtimes" using 1:2
        format = x:z
        #datapoints = 6
        residuals are weighted equally (unit weight)

function used for fitting: y(x)
	y(x)=a*x*log(x) + b
fitted parameters initialized with current variable values

iter      chisq       delta/lim  lambda   a             b            
   0 2.7270467882e+14   0.00e+00  4.77e+06    1.000000e+00   1.000000e+00
   4 2.0943665327e+01  -3.83e-01  4.77e+02    6.793674e-06   9.999997e-01

After 4 iterations the fit converged.
final sum of squares of residuals : 20.9437
rel. change during last iteration : -3.82718e-06

degrees of freedom    (FIT_NDF)                        : 4
rms of residuals      (FIT_STDFIT) = sqrt(WSSR/ndf)    : 2.28821
variance of residuals (reduced chisquare) = WSSR/ndf   : 5.23592

Final set of parameters            Asymptotic Standard Error
=======================            ==========================
a               = 6.79367e-06      +/- 1.879e-07    (2.766%)
b               = 1                +/- 1.267        (126.7%)

correlation matrix of the fit parameters:
                a      b      
a               1.000 
b              -0.675  1.000 


*******************************************************************************
Thu Feb 15 17:32:07 2024


FIT:    data read from "quickSort.CPUtimes" using 1:2
        format = x:z
        #datapoints = 6
        residuals are weighted equally (unit weight)

function used for fitting: y(x)
	y(x)=a*x*log(x) + b
fitted parameters initialized with current variable values

iter      chisq       delta/lim  lambda   a             b            
   0 2.7270467882e+14   0.00e+00  4.77e+06    1.000000e+00   1.000000e+00
   4 2.0943665327e+01  -3.83e-01  4.77e+02    6.793674e-06   9.999997e-01

After 4 iterations the fit converged.
final sum of squares of residuals : 20.9437
rel. change during last iteration : -3.82718e-06

degrees of freedom    (FIT_NDF)                        : 4
rms of residuals      (FIT_STDFIT) = sqrt(WSSR/ndf)    : 2.28821
variance of residuals (reduced chisquare) = WSSR/ndf   : 5.23592

Final set of parameters            Asymptotic Standard Error
=======================            ==========================
a               = 6.79367e-06      +/- 1.879e-07    (2.766%)
b               = 1                +/- 1.267        (126.7%)

correlation matrix of the fit parameters:
                a      b      
a               1.000 
b              -0.675  1.000 
